make --dry-run --always-make --keep-going --print-directory
make: Entering directory `/Users/mvaldeta/Desktop/02.miniRT'
make -C libs/libft
make -C libs/libbim
make -C libs/libvec
make -C libs/minilibx_ogl
make -C libs/libft
make -C libs/libbim
make -C libs/libvec
make -C libs/minilibx_ogl
make -C libs/libft
make -C libs/libbim
make -C libs/libvec
make -C libs/minilibx_ogl
make -C libs/libft
make -C libs/libbim
make -C libs/libvec
make -C libs/minilibx_ogl
mkdir -p bin/
gcc -g -fsanitize=address -Imlx -Werror -Wall -Wextra  -Llibs/minilibx_ogl/ -lmlx -framework OpenGL -framework AppKit -Llibs/libft/bin -lft -Llibs/libbim/bin -lbim -Llibs/libvec/bin -lvec -Iincludes srcs/engine/zoom.c srcs/engine/print_info.c srcs/engine/image.c srcs/engine/control.c srcs/engine/settings.c srcs/engine/navigation.c srcs/engine/change_light.c srcs/interface/lens.c srcs/interface/compose.c srcs/render/intersections.c srcs/render/ray.c srcs/render/space_translation.c srcs/render/vector.c srcs/render/minirt.c srcs/render/shapes.c srcs/render/render.c srcs/render/equations.c srcs/render/transformations.c srcs/render/quadratics.c srcs/set/actors.c srcs/set/memory.c srcs/set/reform.c srcs/set/init.c srcs/set/scene.c srcs/set/frame.c srcs/set/window.c srcs/shaders/shadows.c srcs/shaders/phong.c srcs/shaders/effects.c srcs/shaders/rendering_equation.c srcs/shaders/ambient.c srcs/shaders/blinn_phong.c srcs/shaders/lambert.c srcs/shaders/color.c -o  ./minirt
mv minirt bin/
make: Leaving directory `/Users/mvaldeta/Desktop/02.miniRT'
 
