make all --print-data-base --no-builtin-variables --no-builtin-rules --question
# GNU Make 3.81
# Copyright (C) 2006  Free Software Foundation, Inc.
# This is free software; see the source for copying conditions.
# There is NO warranty; not even for MERCHANTABILITY or FITNESS FOR A
# PARTICULAR PURPOSE.

# This program built for i386-apple-darwin11.3.0

# Make data base, printed on Mon May 23 22:23:17 2022

# Variables

# automatic
<D = $(patsubst %/,%,$(dir $<))
# automatic
?F = $(notdir $?)
# makefile (from `rtconfig.mk', line 18)
OBJ = $(patsubst %.c,%.o,${SRC:%.c})
# makefile (from `rtconfig.mk', line 15)
SRC := srcs/engine/print_info.c srcs/engine/image.c srcs/engine/control.c srcs/engine/settings.c srcs/engine/navigation.c srcs/interface/lens.c srcs/interface/compose.c srcs/render/intersections.c srcs/render/shadows.c srcs/render/ray.c srcs/render/space_translation.c srcs/render/effects.c srcs/render/vector.c srcs/render/minirt.c srcs/render/shapes.c srcs/render/render.c srcs/render/equations.c srcs/render/rendering_equation.c srcs/render/transformations.c srcs/render/color.c srcs/render/quadratics.c srcs/set/actors.c srcs/set/reform.c srcs/set/init.c srcs/set/scene.c srcs/set/frame.c srcs/set/window.c
# environment
VSCODE_LOG_NATIVE = false
# automatic
?D = $(patsubst %/,%,$(dir $?))
# automatic
@D = $(patsubst %/,%,$(dir $@))
# automatic
@F = $(notdir $@)
# makefile (from `Makefile', line 17)
CONFIG = rtconfig.mk
# makefile
CURDIR := /Users/mvaldeta/Desktop/02.miniRT
# makefile
SHELL = /bin/sh
# environment
VSCODE_NLS_CONFIG = {"locale":"en-us","availableLanguages":{},"_languagePackSupport":true}
# makefile (from `rtconfig.mk', line 25)
LINKMLX = -L${L4}/ -lmlx -framework OpenGL -framework AppKit
# environment
_ = /usr/bin/make
# makefile (from `rtconfig.mk', line 27)
CFLAGS = -g -fsanitize=address -Imlx -Werror -Wall -Wextra 
# makefile (from `rtconfig.mk', line 1)
MAKEFILE_LIST :=  Makefile rtconfig.mk
# environment
VSCODE_VERBOSE_LOGGING = true
# environment
__CFBundleIdentifier = com.microsoft.VSCode
# makefile (from `rtconfig.mk', line 7)
L1 = libs/libft
# environment
VSCODE_IPC_HOOK_EXTHOST = /var/folders/3_/pm7hgvr57cvd0y7byk5667n40000gp/T/vscode-ipc-33600538-60b0-4d63-a70f-3d244136335a.sock
# environment
VSCODE_CWD = /
# makefile (from `rtconfig.mk', line 10)
L4 = libs/minilibx_ogl
# environment
PATH = /Users/mvaldeta/opt/anaconda3/bin:/usr/local/bin:/usr/bin:/bin:/usr/sbin:/sbin:/Applications/Python 3.9:/opt/X11/bin
# environment
LSCOLORS = Gxfxcxdxbxegedabagacad
# makefile (from `rtconfig.mk', line 16)
BROOT = bin/
# makefile (from `rtconfig.mk', line 24)
LINKVEC = -L${L3}/bin -lvec
# makefile (from `rtconfig.mk', line 9)
L3 = libs/libvec
# environment
VSCODE_LOG_STACK = false
# environment
ELECTRON_RUN_AS_NODE = 1
# makefile (from `rtconfig.mk', line 8)
L2 = libs/libbim
# default
.FEATURES := target-specific order-only second-expansion else-if archives jobserver check-symlink
# makefile (from `rtconfig.mk', line 23)
LINKBIM = -L${L2}/bin -lbim
# environment
SSH_AUTH_SOCK = /private/tmp/com.apple.launchd.FulDRDe0Pw/Listeners
# automatic
%F = $(notdir $%)
# makefile (from `rtconfig.mk', line 19)
_DEPS = includes/rtlib.h
# environment
DISPLAY = /private/tmp/com.apple.launchd.a3EUB7v5Hr/org.xquartz:0
# environment
VSCODE_PIPE_LOGGING = true
# environment
PWD = /Users/mvaldeta/Desktop/02.miniRT
# environment
ORIGINAL_XDG_CURRENT_DESKTOP = undefined
# environment
VSCODE_AMD_ENTRYPOINT = vs/workbench/api/node/extensionHostProcess
# environment
HOME = /Users/mvaldeta
# default
MAKEFILEPATH = $(shell /usr/bin/xcode-select -print-path 2>/dev/null || echo /Developer)/Makefiles
# environment
VSCODE_CODE_CACHE_PATH = /Users/mvaldeta/Library/Application Support/Code/CachedData/c3511e6c69bb39013c4a4b7b9566ec1ca73fc4d5
# environment
LOGNAME = mvaldeta
# environment
APPLICATION_INSIGHTS_NO_DIAGNOSTIC_CHANNEL = 1
# environment
ZSH = /Users/mvaldeta/.oh-my-zsh
# environment
VSCODE_HANDLES_UNCAUGHT_ERRORS = true
# automatic
^D = $(patsubst %/,%,$(dir $^))
# environment
XPC_FLAGS = 0x0
# default
MAKE = $(MAKE_COMMAND)
# default
MAKECMDGOALS := all
# environment
SHLVL = 1
# makefile (from `rtconfig.mk', line 22)
LINKLIBFT = -L${L1}/bin -lft
# makefile (from `rtconfig.mk', line 21)
CC = gcc
# makefile (from `rtconfig.mk', line 26)
LINKFLAGS = ${LINKMLX} ${LINKLIBFT} ${LINKBIM} ${LINKVEC}
# makefile (from `rtconfig.mk', line 6)
IROOT = includes
# makefile (from `rtconfig.mk', line 5)
EXEC = ./minirt
# default
MAKE_VERSION := 3.81
# environment
USER = mvaldeta
# makefile
.DEFAULT_GOAL := minirt
# makefile (from `rtconfig.mk', line 17)
OROOT = obj/
# makefile (from `rtconfig.mk', line 11)
SROOT = srcs/engine srcs/interface srcs/render srcs/set
# environment
LESS = -R
# automatic
%D = $(patsubst %/,%,$(dir $%))
# default
MAKE_COMMAND := /Library/Developer/CommandLineTools/usr/bin/make
# default
.VARIABLES := 
# environment
TMPDIR = /var/folders/3_/pm7hgvr57cvd0y7byk5667n40000gp/T/
# automatic
*F = $(notdir $*)
# environment
VSCODE_IPC_HOOK = /Users/mvaldeta/Library/Application Support/Code/1.67.2-main.sock
# makefile
MAKEFLAGS = sRrqp
# environment
MFLAGS = -sRrqp
# automatic
*D = $(patsubst %/,%,$(dir $*))
# environment
XPC_SERVICE_NAME = application.com.microsoft.VSCode.67650960.67650966
# automatic
+D = $(patsubst %/,%,$(dir $+))
# makefile (from `rtconfig.mk', line 36)
SEP = ********************************************************************
# automatic
+F = $(notdir $+)
# makefile (from `rtconfig.mk', line 34)
WELCOME = "Welcome"                                  
# environment
__CF_USER_TEXT_ENCODING = 0x1F6:0x0:0x0
# environment
COMMAND_MODE = unix2003
# default
MAKEFILES := 
# automatic
<F = $(notdir $<)
# environment
PAGER = less
# environment
LC_ALL = C
# makefile (from `rtconfig.mk', line 28)
LIBS = libft.a libbim.a libvec.a libmlx.a
# automatic
^F = $(notdir $^)
# default
SUFFIXES := 
# default
.INCLUDE_DIRS = /usr/local/include
# environment
MAKELEVEL := 0
# environment
LANG = C
# environment
VSCODE_PID = 2188
# variable set hash-table stats:
# Load=90/1024=9%, Rehash=0, Collisions=7/131=5%

# Pattern-specific Variable Values

# No pattern-specific variable values.

# Directories

# . (device 16777224, inode 68392091): 17 files, no impossibilities.

# 17 files, no impossibilities in 1 directories.

# Implicit Rules

# No implicit rules.

# Files

all: minirt
#  Phony target (prerequisite of .PHONY).
#  Command-line target.
#  Implicit rule search has not been done.
#  File does not exist.
#  File has been updated.
#  Needs to be updated (-q is set).
# variable set hash-table stats:
# Load=0/32=0%, Rehash=0, Collisions=0/2=0%

.o: %.c
#  Implicit rule search has not been done.
#  Modification time never checked.
#  File has not been updated.
#  commands to execute (from `Makefile', line 36):
	$(CC) $(CFLAGS) $(OBJ) -c $<
	

.PHONY: all clean fclean re
#  Implicit rule search has not been done.
#  Modification time never checked.
#  File has not been updated.

libvec.a:
#  Implicit rule search has not been done.
#  Modification time never checked.
#  File has not been updated.
#  commands to execute (from `Makefile', line 26):
	make -C libs/libft
	make -C libs/libbim
	make -C libs/libvec
	make -C libs/minilibx_ogl
	

# Not a target:
.SUFFIXES:
#  Implicit rule search has not been done.
#  Modification time never checked.
#  File has not been updated.

# Not a target:
Makefile:
#  Implicit rule search has been done.
#  Last modified 2022-05-19 12:20:14
#  File has been updated.
#  Successfully updated.
# variable set hash-table stats:
# Load=0/32=0%, Rehash=0, Collisions=0/0=0%

libft.a:
#  Implicit rule search has not been done.
#  Implicit/static pattern stem: `'
#  File does not exist.
#  File has been updated.
#  Needs to be updated (-q is set).
# automatic
# @ := libft.a
# automatic
# % := 
# automatic
# * := 
# automatic
# + := 
# automatic
# | := 
# automatic
# < := 
# automatic
# ^ := 
# automatic
# ? := 
# variable set hash-table stats:
# Load=8/32=25%, Rehash=0, Collisions=1/10=10%
#  commands to execute (from `Makefile', line 26):
	make -C libs/libft
	make -C libs/libbim
	make -C libs/libvec
	make -C libs/minilibx_ogl
	

# Not a target:
%.c:
#  Implicit rule search has not been done.
 
#  Modification time never checked.
#  File has not been updated.

fclean: clean
#  Phony target (prerequisite of .PHONY).
#  Implicit rule search has not been done.
#  File does not exist.
#  File has not been updated.
#  commands to execute (from `Makefile', line 43):
	@rm -rf $(BROOT)
	@rm -rf $(OROOT)
	@printf "\e[32mbin directory clean ðŸ‘¾\e[0m\n"
	@rm -f $(EXEC) $(LIBFT)
	@printf "\e[32mlibft clean ðŸ‘¾\e[0m\n"
	@printf "\e[31mfsuper clean done âœ”ï¸\e[0m\n"
	

.SILENT:
#  Implicit rule search has not been done.
#  Modification time never checked.
#  File has not been updated.

# Not a target:
.DEFAULT:
#  Implicit rule search has not been done.
#  Modification time never checked.
#  File has not been updated.

libmlx.a:
#  Implicit rule search has not been done.
#  Modification time never checked.
#  File has not been updated.
#  commands to execute (from `Makefile', line 26):
	make -C libs/libft
	make -C libs/libbim
	make -C libs/libvec
	make -C libs/minilibx_ogl
	

re: fclean all
#  Phony target (prerequisite of .PHONY).
#  Implicit rule search has not been done.
#  File does not exist.
#  File has not been updated.

clean:
#  Phony target (prerequisite of .PHONY).
#  Implicit rule search has not been done.
#  File does not exist.
#  File has not been updated.
#  commands to execute (from `Makefile', line 39):
	@rm -f $(O_EXEC)
	@printf "\e[31mclean done âœ”ï¸\e[0m\n"
	

# Not a target:
rtconfig.mk:
#  Implicit rule search has been done.
#  Last modified 2022-05-17 09:17:15
#  File has been updated.
#  Successfully updated.
# variable set hash-table stats:
# Load=0/32=0%, Rehash=0, Collisions=0/0=0%

minirt: libft.a libbim.a libvec.a libmlx.a
#  Implicit rule search has not been done.
#  File does not exist.
#  File has been updated.
#  Needs to be updated (-q is set).
# variable set hash-table stats:
# Load=0/32=0%, Rehash=0, Collisions=0/2=0%
#  commands to execute (from `Makefile', line 21):
	mkdir -p ${BROOT}
	$(CC) $(CFLAGS) ${LINKFLAGS} -I${IROOT} ${SRC} -o ${OBJ} ${EXEC}
	mv $@ $(BROOT)
	

libbim.a:
#  Implicit rule search has not been done.
#  Modification time never checked.
#  File has not been updated.
#  commands to execute (from `Makefile', line 26):
	make -C libs/libft
	make -C libs/libbim
	make -C libs/libvec
	make -C libs/minilibx_ogl
	

# files hash-table stats:
# Load=17/1024=2%, Rehash=0, Collisions=0/45=0%
# VPATH Search Paths

# No `vpath' search paths.

# No general (`VPATH' variable) search path.

# # of strings in strcache: 2
# # of strcache buffers: 1
# strcache size: total = 4096 / max = 4096 / min = 4096 / avg = 4096
# strcache free: total = 4075 / max = 4075 / min = 4075 / avg = 4075

# Finished Make data base on Mon May 23 22:23:17 2022

 
